#
# There is insufficient memory for the Java Runtime Environment to continue.
# Native memory allocation (mmap) failed to map 67108864 bytes for G1 virtual space
# Possible reasons:
#   The system is out of physical RAM or swap space
#   The process is running with CompressedOops enabled, and the Java Heap may be blocking the growth of the native heap
# Possible solutions:
#   Reduce memory load on the system
#   Increase physical memory or swap space
#   Check if swap backing store is full
#   Decrease Java heap size (-Xmx/-Xms)
#   Decrease number of Java threads
#   Decrease Java thread stack sizes (-Xss)
#   Set larger code cache with -XX:ReservedCodeCacheSize=
#   JVM is running with Unscaled Compressed Oops mode in which the Java heap is
#     placed in the first 4GB address space. The Java Heap base address is the
#     maximum limit for the native heap growth. Please use -XX:HeapBaseMinAddress
#     to set the Java Heap base and to place the Java Heap above 4GB virtual address.
# This output file may be truncated or incomplete.
#
#  Out of Memory Error (os_windows.cpp:3548), pid=5576, tid=9860
#
# JRE version:  (17.0.12+8) (build )
# Java VM: Java HotSpot(TM) 64-Bit Server VM (17.0.12+8-LTS-286, mixed mode, sharing, tiered, compressed oops, compressed class ptrs, g1 gc, windows-amd64)
# No core dump will be written. Minidumps are not enabled by default on client versions of Windows
#

---------------  S U M M A R Y ------------

Command Line: -Xmx64m -Xms64m -Dorg.gradle.appname=gradlew org.gradle.wrapper.GradleWrapperMain app:installDebug -PreactNativeDevServerPort=8081

Host: Intel(R) Core(TM) i5-8500 CPU @ 3.00GHz, 6 cores, 7G,  Windows 11 , 64 bit Build 22621 (10.0.22621.2428)
Time: Wed May 28 13:03:09 2025 India Standard Time elapsed time: 0.017557 seconds (0d 0h 0m 0s)

---------------  T H R E A D  ---------------

Current thread (0x0000021965600e10):  JavaThread "Unknown thread" [_thread_in_vm, id=9860, stack(0x000000825f800000,0x000000825f900000)]

Stack: [0x000000825f800000,0x000000825f900000]
Native frames: (J=compiled Java code, j=interpreted, Vv=VM code, C=native code)
V  [jvm.dll+0x67a04a]
V  [jvm.dll+0x7da4ed]
V  [jvm.dll+0x7dbe33]
V  [jvm.dll+0x7dc4a3]
V  [jvm.dll+0x24508f]
V  [jvm.dll+0x677089]
V  [jvm.dll+0x66bd32]
V  [jvm.dll+0x301fa6]
V  [jvm.dll+0x309546]
V  [jvm.dll+0x359d2e]
V  [jvm.dll+0x359f5f]
V  [jvm.dll+0x2d9078]
V  [jvm.dll+0x2d9fe4]
V  [jvm.dll+0x7aca21]
V  [jvm.dll+0x367591]
V  [jvm.dll+0x78b999]
V  [jvm.dll+0x3ec83f]
V  [jvm.dll+0x3ee471]
C  [jli.dll+0x5297]
C  [ucrtbase.dll+0x29363]
C  [KERNEL32.DLL+0x1257d]
C  [ntdll.dll+0x5aa78]


---------------  P R O C E S S  ---------------

Threads class SMR info:
_java_thread_list=0x00007fff20b27a18, length=0, elements={
}

Java Threads: ( => current thread )

Other Threads:
  0x000002196561f9e0 GCTaskThread "GC Thread#0" [stack: 0x000000825f900000,0x000000825fa00000] [id=1544]
  0x0000021965621130 ConcurrentGCThread "G1 Main Marker" [stack: 0x000000825fa00000,0x000000825fb00000] [id=8488]
  0x0000021965621b40 ConcurrentGCThread "G1 Conc#0" [stack: 0x000000825fb00000,0x000000825fc00000] [id=7832]

[error occurred during error reporting (printing all threads), id 0xc0000005, EXCEPTION_ACCESS_VIOLATION (0xc0000005) at pc=0x00007fff20359b67]

VM state: not at safepoint (not fully initialized)

VM Mutex/Monitor currently owned by a thread:  ([mutex/lock_event])
[0x00000219655fc090] Heap_lock - owner thread: 0x0000021965600e10

Heap address: 0x00000000fc000000, size: 64 MB, Compressed Oops mode: 32-bit

CDS archive(s) mapped at: [0x0000000000000000-0x0000000000000000-0x0000000000000000), size 0, SharedBaseAddress: 0x0000000800000000, ArchiveRelocationMode: 1.
Narrow klass base: 0x0000000000000000, Narrow klass shift: 0, Narrow klass range: 0x0

GC Precious Log:
<Empty>

Heap:
 garbage-first heap   total 0K, used 0K [0x00000000fc000000, 0x0000000100000000)
  region size 1024K, 0 young (0K), 0 survivors (0K)

[error occurred during error reporting (printing heap information), id 0xc0000005, EXCEPTION_ACCESS_VIOLATION (0xc0000005) at pc=0x00007fff20743859]

GC Heap History (0 events):
No events

Deoptimization events (0 events):
No events

Classes unloaded (0 events):
No events

Classes redefined (0 events):
No events

Internal exceptions (0 events):
No events

VM Operations (0 events):
No events

Events (1 events):
Event: 0.007 Loaded shared library C:\Program Files\Java\jdk-17\bin\java.dll


Dynamic libraries:
0x00007ff7226d0000 - 0x00007ff7226e0000 	C:\Program Files\Java\jdk-17\bin\java.exe
0x00007fff7ce70000 - 0x00007fff7d087000 	C:\Windows\SYSTEM32\ntdll.dll
0x00007fff7b210000 - 0x00007fff7b2d4000 	C:\Windows\System32\KERNEL32.DLL
0x00007fff7a2e0000 - 0x00007fff7a686000 	C:\Windows\System32\KERNELBASE.dll
0x00007fff7a7b0000 - 0x00007fff7a8c1000 	C:\Windows\System32\ucrtbase.dll
0x00007fff6b9b0000 - 0x00007fff6b9cb000 	C:\Program Files\Java\jdk-17\bin\VCRUNTIME140.dll
0x00007fff6f470000 - 0x00007fff6f489000 	C:\Program Files\Java\jdk-17\bin\jli.dll
0x00007fff7ae00000 - 0x00007fff7aeb0000 	C:\Windows\System32\ADVAPI32.dll
0x00007fff7b390000 - 0x00007fff7b437000 	C:\Windows\System32\msvcrt.dll
0x00007fff7b2e0000 - 0x00007fff7b386000 	C:\Windows\System32\sechost.dll
0x00007fff7b010000 - 0x00007fff7b127000 	C:\Windows\System32\RPCRT4.dll
0x00007fff7c5b0000 - 0x00007fff7c75d000 	C:\Windows\System32\USER32.dll
0x00007fff6b0b0000 - 0x00007fff6b343000 	C:\Windows\WinSxS\amd64_microsoft.windows.common-controls_6595b64144ccf1df_6.0.22621.2361_none_2712ced57382f843\COMCTL32.dll
0x00007fff7a1f0000 - 0x00007fff7a216000 	C:\Windows\System32\win32u.dll
0x00007fff7b560000 - 0x00007fff7b589000 	C:\Windows\System32\GDI32.dll
0x00007fff7a8d0000 - 0x00007fff7a9e8000 	C:\Windows\System32\gdi32full.dll
0x00007fff7a710000 - 0x00007fff7a7aa000 	C:\Windows\System32\msvcp_win.dll
0x00007fff77d50000 - 0x00007fff77d5a000 	C:\Windows\SYSTEM32\VERSION.dll
0x00007fff7be70000 - 0x00007fff7bea1000 	C:\Windows\System32\IMM32.DLL
0x00007fff717f0000 - 0x00007fff717fc000 	C:\Program Files\Java\jdk-17\bin\vcruntime140_1.dll
0x00007fff44c20000 - 0x00007fff44cae000 	C:\Program Files\Java\jdk-17\bin\msvcp140.dll
0x00007fff20070000 - 0x00007fff20c50000 	C:\Program Files\Java\jdk-17\bin\server\jvm.dll
0x00007fff7b000000 - 0x00007fff7b008000 	C:\Windows\System32\PSAPI.DLL
0x00007fff701f0000 - 0x00007fff701f9000 	C:\Windows\SYSTEM32\WSOCK32.dll
0x00007fff6b7d0000 - 0x00007fff6b804000 	C:\Windows\SYSTEM32\WINMM.dll
0x00007fff7abd0000 - 0x00007fff7ac41000 	C:\Windows\System32\WS2_32.dll
0x00007fff79190000 - 0x00007fff791a8000 	C:\Windows\SYSTEM32\kernel.appcore.dll
0x00007fff6fe70000 - 0x00007fff6fe7a000 	C:\Program Files\Java\jdk-17\bin\jimage.dll
0x00007fff6b570000 - 0x00007fff6b79e000 	C:\Windows\SYSTEM32\DBGHELP.DLL
0x00007fff7beb0000 - 0x00007fff7c23a000 	C:\Windows\System32\combase.dll
0x00007fff7b130000 - 0x00007fff7b207000 	C:\Windows\System32\OLEAUT32.dll
0x00007fff67430000 - 0x00007fff67462000 	C:\Windows\SYSTEM32\dbgcore.DLL
0x00007fff7a690000 - 0x00007fff7a70a000 	C:\Windows\System32\bcryptPrimitives.dll
0x00007fff4b7f0000 - 0x00007fff4b815000 	C:\Program Files\Java\jdk-17\bin\java.dll

dbghelp: loaded successfully - version: 4.0.5 - missing functions: none
symbol engine: initialized successfully - sym options: 0x614 - pdb path: .;C:\Program Files\Java\jdk-17\bin;C:\Windows\SYSTEM32;C:\Windows\WinSxS\amd64_microsoft.windows.common-controls_6595b64144ccf1df_6.0.22621.2361_none_2712ced57382f843;C:\Program Files\Java\jdk-17\bin\server

VM Arguments:
jvm_args: -Xmx64m -Xms64m -Dorg.gradle.appname=gradlew 
java_command: org.gradle.wrapper.GradleWrapperMain app:installDebug -PreactNativeDevServerPort=8081
java_class_path (initial): C:\Users\Admin\Desktop\Myproject\Myproject\android\\gradle\wrapper\gradle-wrapper.jar
Launcher Type: SUN_STANDARD

[Global flags]
     intx CICompilerCount                          = 3                                         {product} {ergonomic}
     uint ConcGCThreads                            = 2                                         {product} {ergonomic}
     uint G1ConcRefinementThreads                  = 6                                         {product} {ergonomic}
   size_t G1HeapRegionSize                         = 1048576                                   {product} {ergonomic}
    uintx GCDrainStackTargetSize                   = 64                                        {product} {ergonomic}
   size_t InitialHeapSize                          = 67108864                                  {product} {command line}
   size_t MarkStackSize                            = 4194304                                   {product} {ergonomic}
   size_t MaxHeapSize                              = 67108864                                  {product} {command line}
   size_t MinHeapDeltaBytes                        = 1048576                                   {product} {ergonomic}
   size_t MinHeapSize                              = 67108864                                  {product} {command line}
    uintx NonNMethodCodeHeapSize                   = 5832780                                {pd product} {ergonomic}
    uintx NonProfiledCodeHeapSize                  = 122912730                              {pd product} {ergonomic}
    uintx ProfiledCodeHeapSize                     = 122912730                              {pd product} {ergonomic}
    uintx ReservedCodeCacheSize                    = 251658240                              {pd product} {ergonomic}
     bool SegmentedCodeCache                       = true                                      {product} {ergonomic}
   size_t SoftMaxHeapSize                          = 67108864                               {manageable} {ergonomic}
     bool UseCompressedClassPointers               = true                           {product lp64_product} {ergonomic}
     bool UseCompressedOops                        = true                           {product lp64_product} {ergonomic}
     bool UseG1GC                                  = true                                      {product} {ergonomic}
     bool UseLargePagesIndividualAllocation        = false                                  {pd product} {ergonomic}

Logging:
Log output configuration:
 #0: stdout all=warning uptime,level,tags
 #1: stderr all=off uptime,level,tags

Environment Variables:
JAVA_HOME=C:\Program Files\Java\jdk-17
CLASSPATH=C:\Users\Admin\Desktop\Myproject\Myproject\android\\gradle\wrapper\gradle-wrapper.jar
PATH=C:\Users\Admin\Desktop\Myproject\Myproject\node_modules\.bin;C:\Users\Admin\Desktop\Myproject\Myproject\node_modules\.bin;C:\Users\Admin\Desktop\Myproject\node_modules\.bin;C:\Users\Admin\Desktop\node_modules\.bin;C:\Users\Admin\node_modules\.bin;C:\Users\node_modules\.bin;C:\node_modules\.bin;C:\Program Files\nodejs\node_modules\npm\node_modules\@npmcli\run-script\lib\node-gyp-bin;C:\Program Files\Common Files\Oracle\Java\javapath;C:\oraclexe\app\oracle\product\10.2.0\server\bin;C:\Program Files\OpenLogic\jdk-8.0.422.05-hotspot\bin;C:\Windows\system32;C:\Windows;C:\Windows\System32\Wbem;C:\Windows\System32\WindowsPowerShell\v1.0\;C:\Windows\System32\OpenSSH\;C:\Program Files\Git\cmd;C:\Program Files\nodejs\;C:\Program Files\Java\jdk-17\bin;C:\Users\Admin\AppData\Local\Android\Sdk;C:\Users\Admin\AppData\Local\Android\Sdk;C:\Users\Admin\AppData\Local\Microsoft\WindowsApps;C:\Users\Admin\AppData\Local\Programs\Microsoft VS Code\bin;C:\Users\Admin\AppData\Roaming\npm;C:\Program Files\Java\jdk-17\bin;C:\Users\Admin\AppData\Local\Android\Sdk;C:\Users\Admin\AppData\Local\Android\Sdk;
USERNAME=Admin
LANG=en_US.UTF-8
OS=Windows_NT
PROCESSOR_IDENTIFIER=Intel64 Family 6 Model 158 Stepping 10, GenuineIntel



---------------  S Y S T E M  ---------------

OS:
 Windows 11 , 64 bit Build 22621 (10.0.22621.2428)
OS uptime: 5 days 0:24 hours
Hyper-V role detected

CPU: total 6 (initial active 6) (6 cores per cpu, 1 threads per core) family 6 model 158 stepping 10 microcode 0xde, cx8, cmov, fxsr, mmx, 3dnowpref, sse, sse2, sse3, ssse3, sse4.1, sse4.2, popcnt, lzcnt, tsc, tscinvbit, avx, avx2, aes, erms, clmul, bmi1, bmi2, rtm, adx, fma, vzeroupper, clflush, clflushopt, hv

Memory: 4k page, system-wide physical 8059M (557M free)
TotalPageFile size 24592M (AvailPageFile size 60M)
current process WorkingSet (physical memory assigned to process): 11M, peak: 11M
current process commit charge ("private bytes"): 55M, peak: 119M

vm_info: Java HotSpot(TM) 64-Bit Server VM (17.0.12+8-LTS-286) for windows-amd64 JRE (17.0.12+8-LTS-286), built on Jun  5 2024 06:46:59 by "mach5one" with MS VC++ 17.6 (VS2022)

END.
